<?xml version="1.0" encoding="UTF-8"?>
<!-- Generated by org.testng.reporters.JUnitReportReporter -->
<testsuite hostname="DESKTOP-S1H6N7E" failures="0" tests="2" name="parameterization.DataProviderr" time="0.016" errors="0" timestamp="2023-04-01T13:39:16 IST" skipped="0">
  <testcase classname="parameterization.DataProviderr" name="script" time="0.012"/>
  <system-out/>
  <testcase classname="parameterization.DataProviderr" name="script" time="0.004"/>
  <system-out/>
</testsuite> <!-- parameterization.DataProviderr -->
