<?xml version="1.0" encoding="UTF-8"?>
<!-- Generated by org.testng.reporters.JUnitReportReporter -->
<testsuite hostname="DESKTOP-S1H6N7E" failures="0" tests="2" name="parameterization.Dataclass2" time="0.022" errors="0" timestamp="2023-04-01T13:36:41 IST" skipped="0">
  <testcase classname="parameterization.Dataclass2" name="script" time="0.015"/>
  <system-out/>
  <testcase classname="parameterization.Dataclass2" name="script" time="0.007"/>
  <system-out/>
</testsuite> <!-- parameterization.Dataclass2 -->
